<?xml version="1.0" encoding="UTF-8"?>
<!-- Generated by org.testng.reporters.JUnitReportReporter -->
<testsuite hostname="DESKTOP-BITAJKN" failures="0" tests="1" name="otherFramework.OracleAccount" time="3.203" errors="0" timestamp="2023-09-12T10:49:19 IST" skipped="0">
  <testcase classname="otherFramework.OracleAccount" name="oracleAccount" time="3.203"/>
  <system-out/>
</testsuite> <!-- otherFramework.OracleAccount -->
