<?xml version="1.0" encoding="UTF-8"?>
<!-- Generated by org.testng.reporters.JUnitReportReporter -->
<testsuite hostname="DESKTOP-BITAJKN" failures="0" tests="3" name="otherFramework.OracleAccountDataProvider" time="12.066" errors="0" timestamp="2023-09-12T16:07:27 IST" skipped="0">
  <testcase classname="otherFramework.OracleAccountDataProvider" name="oracleAccount" time="3.705"/>
  <system-out/>
  <testcase classname="otherFramework.OracleAccountDataProvider" name="oracleAccount" time="4.260"/>
  <system-out/>
  <testcase classname="otherFramework.OracleAccountDataProvider" name="oracleAccount" time="4.101"/>
  <system-out/>
</testsuite> <!-- otherFramework.OracleAccountDataProvider -->
